[2020-03-22 09:35:17] development.ERROR: Symfony\Component\Debug\Exception\FatalThrowableError: Parse error: syntax error, unexpected '<', expecting function (T_FUNCTION) or const (T_CONST) in /mnt/c/www/Livkalni/modules/cms/Classes/CodeParser.php(289) : eval()'d code:4
Stack trace:
#0 /mnt/c/www/Livkalni/modules/cms/Classes/CodeParser.php(152): Cms\Classes\CodeParser->validate('<?php \nclass Cm...')
#1 /mnt/c/www/Livkalni/modules/cms/Classes/CodeParser.php(112): Cms\Classes\CodeParser->rebuild('/mnt/c/www/Livk...')
#2 /mnt/c/www/Livkalni/modules/cms/Classes/CodeParser.php(170): Cms\Classes\CodeParser->parse()
#3 /mnt/c/www/Livkalni/modules/cms/Classes/Controller.php(634): Cms\Classes\CodeParser->source(Object(Cms\Classes\Page), Object(Cms\Classes\Layout), Object(Cms\Classes\Controller))
#4 /mnt/c/www/Livkalni/modules/cms/Classes/Controller.php(330): Cms\Classes\Controller->initCustomObjects()
#5 /mnt/c/www/Livkalni/modules/cms/Classes/Controller.php(223): Cms\Classes\Controller->runPage(Object(Cms\Classes\Page))
#6 /mnt/c/www/Livkalni/modules/cms/Classes/CmsController.php(50): Cms\Classes\Controller->run('/')
#7 [internal function]: Cms\Classes\CmsController->run('/')
#8 /mnt/c/www/Livkalni/vendor/laravel/framework/src/Illuminate/Routing/Controller.php(54): call_user_func_array(Array, Array)
#9 /mnt/c/www/Livkalni/vendor/laravel/framework/src/Illuminate/Routing/ControllerDispatcher.php(45): Illuminate\Routing\Controller->callAction('run', Array)
#10 /mnt/c/www/Livkalni/vendor/laravel/framework/src/Illuminate/Routing/Route.php(212): Illuminate\Routing\ControllerDispatcher->dispatch(Object(Illuminate\Routing\Route), Object(Cms\Classes\CmsController), 'run')
#11 /mnt/c/www/Livkalni/vendor/laravel/framework/src/Illuminate/Routing/Route.php(169): Illuminate\Routing\Route->runController()
#12 /mnt/c/www/Livkalni/vendor/laravel/framework/src/Illuminate/Routing/Router.php(658): Illuminate\Routing\Route->run()
#13 /mnt/c/www/Livkalni/vendor/laravel/framework/src/Illuminate/Routing/Pipeline.php(30): Illuminate\Routing\Router->Illuminate\Routing\{closure}(Object(Illuminate\Http\Request))
#14 /mnt/c/www/Livkalni/vendor/laravel/framework/src/Illuminate/Routing/Middleware/SubstituteBindings.php(41): Illuminate\Routing\Pipeline->Illuminate\Routing\{closure}(Object(Illuminate\Http\Request))
#15 /mnt/c/www/Livkalni/vendor/laravel/framework/src/Illuminate/Pipeline/Pipeline.php(149): Illuminate\Routing\Middleware\SubstituteBindings->handle(Object(Illuminate\Http\Request), Object(Closure))
#16 /mnt/c/www/Livkalni/vendor/laravel/framework/src/Illuminate/Routing/Pipeline.php(53): Illuminate\Pipeline\Pipeline->Illuminate\Pipeline\{closure}(Object(Illuminate\Http\Request))
#17 /mnt/c/www/Livkalni/vendor/laravel/framework/src/Illuminate/View/Middleware/ShareErrorsFromSession.php(49): Illuminate\Routing\Pipeline->Illuminate\Routing\{closure}(Object(Illuminate\Http\Request))
#18 /mnt/c/www/Livkalni/vendor/laravel/framework/src/Illuminate/Pipeline/Pipeline.php(149): Illuminate\View\Middleware\ShareErrorsFromSession->handle(Object(Illuminate\Http\Request), Object(Closure))
#19 /mnt/c/www/Livkalni/vendor/laravel/framework/src/Illuminate/Routing/Pipeline.php(53): Illuminate\Pipeline\Pipeline->Illuminate\Pipeline\{closure}(Object(Illuminate\Http\Request))
#20 /mnt/c/www/Livkalni/vendor/laravel/framework/src/Illuminate/Session/Middleware/StartSession.php(63): Illuminate\Routing\Pipeline->Illuminate\Routing\{closure}(Object(Illuminate\Http\Request))
#21 /mnt/c/www/Livkalni/vendor/laravel/framework/src/Illuminate/Pipeline/Pipeline.php(149): Illuminate\Session\Middleware\StartSession->handle(Object(Illuminate\Http\Request), Object(Closure))
#22 /mnt/c/www/Livkalni/vendor/laravel/framework/src/Illuminate/Routing/Pipeline.php(53): Illuminate\Pipeline\Pipeline->Illuminate\Pipeline\{closure}(Object(Illuminate\Http\Request))
#23 /mnt/c/www/Livkalni/vendor/laravel/framework/src/Illuminate/Cookie/Middleware/AddQueuedCookiesToResponse.php(37): Illuminate\Routing\Pipeline->Illuminate\Routing\{closure}(Object(Illuminate\Http\Request))
#24 /mnt/c/www/Livkalni/vendor/laravel/framework/src/Illuminate/Pipeline/Pipeline.php(149): Illuminate\Cookie\Middleware\AddQueuedCookiesToResponse->handle(Object(Illuminate\Http\Request), Object(Closure))
#25 /mnt/c/www/Livkalni/vendor/laravel/framework/src/Illuminate/Routing/Pipeline.php(53): Illuminate\Pipeline\Pipeline->Illuminate\Pipeline\{closure}(Object(Illuminate\Http\Request))
#26 /mnt/c/www/Livkalni/vendor/laravel/framework/src/Illuminate/Cookie/Middleware/EncryptCookies.php(66): Illuminate\Routing\Pipeline->Illuminate\Routing\{closure}(Object(Illuminate\Http\Request))
#27 /mnt/c/www/Livkalni/vendor/laravel/framework/src/Illuminate/Pipeline/Pipeline.php(149): Illuminate\Cookie\Middleware\EncryptCookies->handle(Object(Illuminate\Http\Request), Object(Closure))
#28 /mnt/c/www/Livkalni/vendor/laravel/framework/src/Illuminate/Routing/Pipeline.php(53): Illuminate\Pipeline\Pipeline->Illuminate\Pipeline\{closure}(Object(Illuminate\Http\Request))
#29 /mnt/c/www/Livkalni/vendor/laravel/framework/src/Illuminate/Pipeline/Pipeline.php(102): Illuminate\Routing\Pipeline->Illuminate\Routing\{closure}(Object(Illuminate\Http\Request))
#30 /mnt/c/www/Livkalni/vendor/laravel/framework/src/Illuminate/Routing/Router.php(660): Illuminate\Pipeline\Pipeline->then(Object(Closure))
#31 /mnt/c/www/Livkalni/vendor/laravel/framework/src/Illuminate/Routing/Router.php(635): Illuminate\Routing\Router->runRouteWithinStack(Object(Illuminate\Routing\Route), Object(Illuminate\Http\Request))
#32 /mnt/c/www/Livkalni/vendor/laravel/framework/src/Illuminate/Routing/Router.php(601): Illuminate\Routing\Router->runRoute(Object(Illuminate\Http\Request), Object(Illuminate\Routing\Route))
#33 /mnt/c/www/Livkalni/vendor/october/rain/src/Router/CoreRouter.php(20): Illuminate\Routing\Router->dispatchToRoute(Object(Illuminate\Http\Request))
#34 /mnt/c/www/Livkalni/vendor/laravel/framework/src/Illuminate/Foundation/Http/Kernel.php(176): October\Rain\Router\CoreRouter->dispatch(Object(Illuminate\Http\Request))
#35 /mnt/c/www/Livkalni/vendor/laravel/framework/src/Illuminate/Routing/Pipeline.php(30): Illuminate\Foundation\Http\Kernel->Illuminate\Foundation\Http\{closure}(Object(Illuminate\Http\Request))
#36 /mnt/c/www/Livkalni/vendor/laravel/framework/src/Illuminate/Foundation/Http/Middleware/CheckForMaintenanceMode.php(46): Illuminate\Routing\Pipeline->Illuminate\Routing\{closure}(Object(Illuminate\Http\Request))
#37 /mnt/c/www/Livkalni/vendor/october/rain/src/Foundation/Http/Middleware/CheckForMaintenanceMode.php(24): Illuminate\Foundation\Http\Middleware\CheckForMaintenanceMode->handle(Object(Illuminate\Http\Request), Object(Closure))
#38 /mnt/c/www/Livkalni/vendor/laravel/framework/src/Illuminate/Pipeline/Pipeline.php(149): October\Rain\Foundation\Http\Middleware\CheckForMaintenanceMode->handle(Object(Illuminate\Http\Request), Object(Closure))
#39 /mnt/c/www/Livkalni/vendor/laravel/framework/src/Illuminate/Routing/Pipeline.php(53): Illuminate\Pipeline\Pipeline->Illuminate\Pipeline\{closure}(Object(Illuminate\Http\Request))
#40 /mnt/c/www/Livkalni/vendor/laravel/framework/src/Illuminate/Pipeline/Pipeline.php(102): Illuminate\Routing\Pipeline->Illuminate\Routing\{closure}(Object(Illuminate\Http\Request))
#41 /mnt/c/www/Livkalni/vendor/laravel/framework/src/Illuminate/Foundation/Http/Kernel.php(151): Illuminate\Pipeline\Pipeline->then(Object(Closure))
#42 /mnt/c/www/Livkalni/vendor/laravel/framework/src/Illuminate/Foundation/Http/Kernel.php(116): Illuminate\Foundation\Http\Kernel->sendRequestThroughRouter(Object(Illuminate\Http\Request))
#43 /mnt/c/www/Livkalni/index.php(43): Illuminate\Foundation\Http\Kernel->handle(Object(Illuminate\Http\Request))
#44 {main}  
[2020-03-22 09:35:43] development.ERROR: Twig\Error\SyntaxError: An array element must be followed by a comma. Unexpected token "arrow function" of value "=>" ("punctuation" expected with value ",") in "/mnt/c/www/Livkalni/themes/demo/pages/home.htm" at line 22. in /mnt/c/www/Livkalni/vendor/twig/twig/src/TokenStream.php:76
Stack trace:
#0 /mnt/c/www/Livkalni/vendor/twig/twig/src/ExpressionParser.php(329): Twig\TokenStream->expect(9, ',', 'An array elemen...')
#1 /mnt/c/www/Livkalni/vendor/twig/twig/src/ExpressionParser.php(279): Twig\ExpressionParser->parseArrayExpression()
#2 /mnt/c/www/Livkalni/vendor/twig/twig/src/ExpressionParser.php(175): Twig\ExpressionParser->parsePrimaryExpression()
#3 /mnt/c/www/Livkalni/vendor/twig/twig/src/ExpressionParser.php(70): Twig\ExpressionParser->getPrimary()
#4 /mnt/c/www/Livkalni/modules/cms/Twig/PartialTokenParser.php(45): Twig\ExpressionParser->parseExpression()
#5 /mnt/c/www/Livkalni/vendor/twig/twig/src/Parser.php(185): Cms\Twig\PartialTokenParser->parse(Object(Twig\Token))
#6 /mnt/c/www/Livkalni/vendor/twig/twig/src/Parser.php(98): Twig\Parser->subparse(NULL, false)
#7 /mnt/c/www/Livkalni/vendor/twig/twig/src/Environment.php(563): Twig\Parser->parse(Object(Twig\TokenStream))
#8 /mnt/c/www/Livkalni/vendor/twig/twig/src/Environment.php(595): Twig\Environment->parse(Object(Twig\TokenStream))
#9 /mnt/c/www/Livkalni/vendor/twig/twig/src/Environment.php(408): Twig\Environment->compileSource(Object(Twig\Source))
#10 /mnt/c/www/Livkalni/vendor/twig/twig/src/Environment.php(381): Twig\Environment->loadClass('__TwigTemplate_...', '/mnt/c/www/Livk...', NULL)
#11 /mnt/c/www/Livkalni/modules/cms/Classes/Controller.php(422): Twig\Environment->loadTemplate('/mnt/c/www/Livk...')
#12 /mnt/c/www/Livkalni/modules/cms/Classes/Controller.php(223): Cms\Classes\Controller->runPage(Object(Cms\Classes\Page))
#13 /mnt/c/www/Livkalni/modules/cms/Classes/CmsController.php(50): Cms\Classes\Controller->run('/')
#14 [internal function]: Cms\Classes\CmsController->run('/')
#15 /mnt/c/www/Livkalni/vendor/laravel/framework/src/Illuminate/Routing/Controller.php(54): call_user_func_array(Array, Array)
#16 /mnt/c/www/Livkalni/vendor/laravel/framework/src/Illuminate/Routing/ControllerDispatcher.php(45): Illuminate\Routing\Controller->callAction('run', Array)
#17 /mnt/c/www/Livkalni/vendor/laravel/framework/src/Illuminate/Routing/Route.php(212): Illuminate\Routing\ControllerDispatcher->dispatch(Object(Illuminate\Routing\Route), Object(Cms\Classes\CmsController), 'run')
#18 /mnt/c/www/Livkalni/vendor/laravel/framework/src/Illuminate/Routing/Route.php(169): Illuminate\Routing\Route->runController()
#19 /mnt/c/www/Livkalni/vendor/laravel/framework/src/Illuminate/Routing/Router.php(658): Illuminate\Routing\Route->run()
#20 /mnt/c/www/Livkalni/vendor/laravel/framework/src/Illuminate/Routing/Pipeline.php(30): Illuminate\Routing\Router->Illuminate\Routing\{closure}(Object(Illuminate\Http\Request))
#21 /mnt/c/www/Livkalni/vendor/laravel/framework/src/Illuminate/Routing/Middleware/SubstituteBindings.php(41): Illuminate\Routing\Pipeline->Illuminate\Routing\{closure}(Object(Illuminate\Http\Request))
#22 /mnt/c/www/Livkalni/vendor/laravel/framework/src/Illuminate/Pipeline/Pipeline.php(149): Illuminate\Routing\Middleware\SubstituteBindings->handle(Object(Illuminate\Http\Request), Object(Closure))
#23 /mnt/c/www/Livkalni/vendor/laravel/framework/src/Illuminate/Routing/Pipeline.php(53): Illuminate\Pipeline\Pipeline->Illuminate\Pipeline\{closure}(Object(Illuminate\Http\Request))
#24 /mnt/c/www/Livkalni/vendor/laravel/framework/src/Illuminate/View/Middleware/ShareErrorsFromSession.php(49): Illuminate\Routing\Pipeline->Illuminate\Routing\{closure}(Object(Illuminate\Http\Request))
#25 /mnt/c/www/Livkalni/vendor/laravel/framework/src/Illuminate/Pipeline/Pipeline.php(149): Illuminate\View\Middleware\ShareErrorsFromSession->handle(Object(Illuminate\Http\Request), Object(Closure))
#26 /mnt/c/www/Livkalni/vendor/laravel/framework/src/Illuminate/Routing/Pipeline.php(53): Illuminate\Pipeline\Pipeline->Illuminate\Pipeline\{closure}(Object(Illuminate\Http\Request))
#27 /mnt/c/www/Livkalni/vendor/laravel/framework/src/Illuminate/Session/Middleware/StartSession.php(63): Illuminate\Routing\Pipeline->Illuminate\Routing\{closure}(Object(Illuminate\Http\Request))
#28 /mnt/c/www/Livkalni/vendor/laravel/framework/src/Illuminate/Pipeline/Pipeline.php(149): Illuminate\Session\Middleware\StartSession->handle(Object(Illuminate\Http\Request), Object(Closure))
#29 /mnt/c/www/Livkalni/vendor/laravel/framework/src/Illuminate/Routing/Pipeline.php(53): Illuminate\Pipeline\Pipeline->Illuminate\Pipeline\{closure}(Object(Illuminate\Http\Request))
#30 /mnt/c/www/Livkalni/vendor/laravel/framework/src/Illuminate/Cookie/Middleware/AddQueuedCookiesToResponse.php(37): Illuminate\Routing\Pipeline->Illuminate\Routing\{closure}(Object(Illuminate\Http\Request))
#31 /mnt/c/www/Livkalni/vendor/laravel/framework/src/Illuminate/Pipeline/Pipeline.php(149): Illuminate\Cookie\Middleware\AddQueuedCookiesToResponse->handle(Object(Illuminate\Http\Request), Object(Closure))
#32 /mnt/c/www/Livkalni/vendor/laravel/framework/src/Illuminate/Routing/Pipeline.php(53): Illuminate\Pipeline\Pipeline->Illuminate\Pipeline\{closure}(Object(Illuminate\Http\Request))
#33 /mnt/c/www/Livkalni/vendor/laravel/framework/src/Illuminate/Cookie/Middleware/EncryptCookies.php(66): Illuminate\Routing\Pipeline->Illuminate\Routing\{closure}(Object(Illuminate\Http\Request))
#34 /mnt/c/www/Livkalni/vendor/laravel/framework/src/Illuminate/Pipeline/Pipeline.php(149): Illuminate\Cookie\Middleware\EncryptCookies->handle(Object(Illuminate\Http\Request), Object(Closure))
#35 /mnt/c/www/Livkalni/vendor/laravel/framework/src/Illuminate/Routing/Pipeline.php(53): Illuminate\Pipeline\Pipeline->Illuminate\Pipeline\{closure}(Object(Illuminate\Http\Request))
#36 /mnt/c/www/Livkalni/vendor/laravel/framework/src/Illuminate/Pipeline/Pipeline.php(102): Illuminate\Routing\Pipeline->Illuminate\Routing\{closure}(Object(Illuminate\Http\Request))
#37 /mnt/c/www/Livkalni/vendor/laravel/framework/src/Illuminate/Routing/Router.php(660): Illuminate\Pipeline\Pipeline->then(Object(Closure))
#38 /mnt/c/www/Livkalni/vendor/laravel/framework/src/Illuminate/Routing/Router.php(635): Illuminate\Routing\Router->runRouteWithinStack(Object(Illuminate\Routing\Route), Object(Illuminate\Http\Request))
#39 /mnt/c/www/Livkalni/vendor/laravel/framework/src/Illuminate/Routing/Router.php(601): Illuminate\Routing\Router->runRoute(Object(Illuminate\Http\Request), Object(Illuminate\Routing\Route))
#40 /mnt/c/www/Livkalni/vendor/october/rain/src/Router/CoreRouter.php(20): Illuminate\Routing\Router->dispatchToRoute(Object(Illuminate\Http\Request))
#41 /mnt/c/www/Livkalni/vendor/laravel/framework/src/Illuminate/Foundation/Http/Kernel.php(176): October\Rain\Router\CoreRouter->dispatch(Object(Illuminate\Http\Request))
#42 /mnt/c/www/Livkalni/vendor/laravel/framework/src/Illuminate/Routing/Pipeline.php(30): Illuminate\Foundation\Http\Kernel->Illuminate\Foundation\Http\{closure}(Object(Illuminate\Http\Request))
#43 /mnt/c/www/Livkalni/vendor/laravel/framework/src/Illuminate/Foundation/Http/Middleware/CheckForMaintenanceMode.php(46): Illuminate\Routing\Pipeline->Illuminate\Routing\{closure}(Object(Illuminate\Http\Request))
#44 /mnt/c/www/Livkalni/vendor/october/rain/src/Foundation/Http/Middleware/CheckForMaintenanceMode.php(24): Illuminate\Foundation\Http\Middleware\CheckForMaintenanceMode->handle(Object(Illuminate\Http\Request), Object(Closure))
#45 /mnt/c/www/Livkalni/vendor/laravel/framework/src/Illuminate/Pipeline/Pipeline.php(149): October\Rain\Foundation\Http\Middleware\CheckForMaintenanceMode->handle(Object(Illuminate\Http\Request), Object(Closure))
#46 /mnt/c/www/Livkalni/vendor/laravel/framework/src/Illuminate/Routing/Pipeline.php(53): Illuminate\Pipeline\Pipeline->Illuminate\Pipeline\{closure}(Object(Illuminate\Http\Request))
#47 /mnt/c/www/Livkalni/vendor/laravel/framework/src/Illuminate/Pipeline/Pipeline.php(102): Illuminate\Routing\Pipeline->Illuminate\Routing\{closure}(Object(Illuminate\Http\Request))
#48 /mnt/c/www/Livkalni/vendor/laravel/framework/src/Illuminate/Foundation/Http/Kernel.php(151): Illuminate\Pipeline\Pipeline->then(Object(Closure))
#49 /mnt/c/www/Livkalni/vendor/laravel/framework/src/Illuminate/Foundation/Http/Kernel.php(116): Illuminate\Foundation\Http\Kernel->sendRequestThroughRouter(Object(Illuminate\Http\Request))
#50 /mnt/c/www/Livkalni/index.php(43): Illuminate\Foundation\Http\Kernel->handle(Object(Illuminate\Http\Request))
#51 {main}  
[2020-03-22 09:36:49] development.ERROR: Twig\Error\SyntaxError: An array element must be followed by a comma. Unexpected token "arrow function" of value "=>" ("punctuation" expected with value ",") in "/mnt/c/www/Livkalni/themes/demo/pages/home.htm" at line 22. in /mnt/c/www/Livkalni/vendor/twig/twig/src/TokenStream.php:76
Stack trace:
#0 /mnt/c/www/Livkalni/vendor/twig/twig/src/ExpressionParser.php(329): Twig\TokenStream->expect(9, ',', 'An array elemen...')
#1 /mnt/c/www/Livkalni/vendor/twig/twig/src/ExpressionParser.php(279): Twig\ExpressionParser->parseArrayExpression()
#2 /mnt/c/www/Livkalni/vendor/twig/twig/src/ExpressionParser.php(175): Twig\ExpressionParser->parsePrimaryExpression()
#3 /mnt/c/www/Livkalni/vendor/twig/twig/src/ExpressionParser.php(70): Twig\ExpressionParser->getPrimary()
#4 /mnt/c/www/Livkalni/modules/cms/Twig/PartialTokenParser.php(45): Twig\ExpressionParser->parseExpression()
#5 /mnt/c/www/Livkalni/vendor/twig/twig/src/Parser.php(185): Cms\Twig\PartialTokenParser->parse(Object(Twig\Token))
#6 /mnt/c/www/Livkalni/vendor/twig/twig/src/Parser.php(98): Twig\Parser->subparse(NULL, false)
#7 /mnt/c/www/Livkalni/vendor/twig/twig/src/Environment.php(563): Twig\Parser->parse(Object(Twig\TokenStream))
#8 /mnt/c/www/Livkalni/vendor/twig/twig/src/Environment.php(595): Twig\Environment->parse(Object(Twig\TokenStream))
#9 /mnt/c/www/Livkalni/vendor/twig/twig/src/Environment.php(408): Twig\Environment->compileSource(Object(Twig\Source))
#10 /mnt/c/www/Livkalni/vendor/twig/twig/src/Environment.php(381): Twig\Environment->loadClass('__TwigTemplate_...', '/mnt/c/www/Livk...', NULL)
#11 /mnt/c/www/Livkalni/modules/cms/Classes/Controller.php(422): Twig\Environment->loadTemplate('/mnt/c/www/Livk...')
#12 /mnt/c/www/Livkalni/modules/cms/Classes/Controller.php(223): Cms\Classes\Controller->runPage(Object(Cms\Classes\Page))
#13 /mnt/c/www/Livkalni/modules/cms/Classes/CmsController.php(50): Cms\Classes\Controller->run('/')
#14 [internal function]: Cms\Classes\CmsController->run('/')
#15 /mnt/c/www/Livkalni/vendor/laravel/framework/src/Illuminate/Routing/Controller.php(54): call_user_func_array(Array, Array)
#16 /mnt/c/www/Livkalni/vendor/laravel/framework/src/Illuminate/Routing/ControllerDispatcher.php(45): Illuminate\Routing\Controller->callAction('run', Array)
#17 /mnt/c/www/Livkalni/vendor/laravel/framework/src/Illuminate/Routing/Route.php(212): Illuminate\Routing\ControllerDispatcher->dispatch(Object(Illuminate\Routing\Route), Object(Cms\Classes\CmsController), 'run')
#18 /mnt/c/www/Livkalni/vendor/laravel/framework/src/Illuminate/Routing/Route.php(169): Illuminate\Routing\Route->runController()
#19 /mnt/c/www/Livkalni/vendor/laravel/framework/src/Illuminate/Routing/Router.php(658): Illuminate\Routing\Route->run()
#20 /mnt/c/www/Livkalni/vendor/laravel/framework/src/Illuminate/Routing/Pipeline.php(30): Illuminate\Routing\Router->Illuminate\Routing\{closure}(Object(Illuminate\Http\Request))
#21 /mnt/c/www/Livkalni/vendor/laravel/framework/src/Illuminate/Routing/Middleware/SubstituteBindings.php(41): Illuminate\Routing\Pipeline->Illuminate\Routing\{closure}(Object(Illuminate\Http\Request))
#22 /mnt/c/www/Livkalni/vendor/laravel/framework/src/Illuminate/Pipeline/Pipeline.php(149): Illuminate\Routing\Middleware\SubstituteBindings->handle(Object(Illuminate\Http\Request), Object(Closure))
#23 /mnt/c/www/Livkalni/vendor/laravel/framework/src/Illuminate/Routing/Pipeline.php(53): Illuminate\Pipeline\Pipeline->Illuminate\Pipeline\{closure}(Object(Illuminate\Http\Request))
#24 /mnt/c/www/Livkalni/vendor/laravel/framework/src/Illuminate/View/Middleware/ShareErrorsFromSession.php(49): Illuminate\Routing\Pipeline->Illuminate\Routing\{closure}(Object(Illuminate\Http\Request))
#25 /mnt/c/www/Livkalni/vendor/laravel/framework/src/Illuminate/Pipeline/Pipeline.php(149): Illuminate\View\Middleware\ShareErrorsFromSession->handle(Object(Illuminate\Http\Request), Object(Closure))
#26 /mnt/c/www/Livkalni/vendor/laravel/framework/src/Illuminate/Routing/Pipeline.php(53): Illuminate\Pipeline\Pipeline->Illuminate\Pipeline\{closure}(Object(Illuminate\Http\Request))
#27 /mnt/c/www/Livkalni/vendor/laravel/framework/src/Illuminate/Session/Middleware/StartSession.php(63): Illuminate\Routing\Pipeline->Illuminate\Routing\{closure}(Object(Illuminate\Http\Request))
#28 /mnt/c/www/Livkalni/vendor/laravel/framework/src/Illuminate/Pipeline/Pipeline.php(149): Illuminate\Session\Middleware\StartSession->handle(Object(Illuminate\Http\Request), Object(Closure))
#29 /mnt/c/www/Livkalni/vendor/laravel/framework/src/Illuminate/Routing/Pipeline.php(53): Illuminate\Pipeline\Pipeline->Illuminate\Pipeline\{closure}(Object(Illuminate\Http\Request))
#30 /mnt/c/www/Livkalni/vendor/laravel/framework/src/Illuminate/Cookie/Middleware/AddQueuedCookiesToResponse.php(37): Illuminate\Routing\Pipeline->Illuminate\Routing\{closure}(Object(Illuminate\Http\Request))
#31 /mnt/c/www/Livkalni/vendor/laravel/framework/src/Illuminate/Pipeline/Pipeline.php(149): Illuminate\Cookie\Middleware\AddQueuedCookiesToResponse->handle(Object(Illuminate\Http\Request), Object(Closure))
#32 /mnt/c/www/Livkalni/vendor/laravel/framework/src/Illuminate/Routing/Pipeline.php(53): Illuminate\Pipeline\Pipeline->Illuminate\Pipeline\{closure}(Object(Illuminate\Http\Request))
#33 /mnt/c/www/Livkalni/vendor/laravel/framework/src/Illuminate/Cookie/Middleware/EncryptCookies.php(66): Illuminate\Routing\Pipeline->Illuminate\Routing\{closure}(Object(Illuminate\Http\Request))
#34 /mnt/c/www/Livkalni/vendor/laravel/framework/src/Illuminate/Pipeline/Pipeline.php(149): Illuminate\Cookie\Middleware\EncryptCookies->handle(Object(Illuminate\Http\Request), Object(Closure))
#35 /mnt/c/www/Livkalni/vendor/laravel/framework/src/Illuminate/Routing/Pipeline.php(53): Illuminate\Pipeline\Pipeline->Illuminate\Pipeline\{closure}(Object(Illuminate\Http\Request))
#36 /mnt/c/www/Livkalni/vendor/laravel/framework/src/Illuminate/Pipeline/Pipeline.php(102): Illuminate\Routing\Pipeline->Illuminate\Routing\{closure}(Object(Illuminate\Http\Request))
#37 /mnt/c/www/Livkalni/vendor/laravel/framework/src/Illuminate/Routing/Router.php(660): Illuminate\Pipeline\Pipeline->then(Object(Closure))
#38 /mnt/c/www/Livkalni/vendor/laravel/framework/src/Illuminate/Routing/Router.php(635): Illuminate\Routing\Router->runRouteWithinStack(Object(Illuminate\Routing\Route), Object(Illuminate\Http\Request))
#39 /mnt/c/www/Livkalni/vendor/laravel/framework/src/Illuminate/Routing/Router.php(601): Illuminate\Routing\Router->runRoute(Object(Illuminate\Http\Request), Object(Illuminate\Routing\Route))
#40 /mnt/c/www/Livkalni/vendor/october/rain/src/Router/CoreRouter.php(20): Illuminate\Routing\Router->dispatchToRoute(Object(Illuminate\Http\Request))
#41 /mnt/c/www/Livkalni/vendor/laravel/framework/src/Illuminate/Foundation/Http/Kernel.php(176): October\Rain\Router\CoreRouter->dispatch(Object(Illuminate\Http\Request))
#42 /mnt/c/www/Livkalni/vendor/laravel/framework/src/Illuminate/Routing/Pipeline.php(30): Illuminate\Foundation\Http\Kernel->Illuminate\Foundation\Http\{closure}(Object(Illuminate\Http\Request))
#43 /mnt/c/www/Livkalni/vendor/laravel/framework/src/Illuminate/Foundation/Http/Middleware/CheckForMaintenanceMode.php(46): Illuminate\Routing\Pipeline->Illuminate\Routing\{closure}(Object(Illuminate\Http\Request))
#44 /mnt/c/www/Livkalni/vendor/october/rain/src/Foundation/Http/Middleware/CheckForMaintenanceMode.php(24): Illuminate\Foundation\Http\Middleware\CheckForMaintenanceMode->handle(Object(Illuminate\Http\Request), Object(Closure))
#45 /mnt/c/www/Livkalni/vendor/laravel/framework/src/Illuminate/Pipeline/Pipeline.php(149): October\Rain\Foundation\Http\Middleware\CheckForMaintenanceMode->handle(Object(Illuminate\Http\Request), Object(Closure))
#46 /mnt/c/www/Livkalni/vendor/laravel/framework/src/Illuminate/Routing/Pipeline.php(53): Illuminate\Pipeline\Pipeline->Illuminate\Pipeline\{closure}(Object(Illuminate\Http\Request))
#47 /mnt/c/www/Livkalni/vendor/laravel/framework/src/Illuminate/Pipeline/Pipeline.php(102): Illuminate\Routing\Pipeline->Illuminate\Routing\{closure}(Object(Illuminate\Http\Request))
#48 /mnt/c/www/Livkalni/vendor/laravel/framework/src/Illuminate/Foundation/Http/Kernel.php(151): Illuminate\Pipeline\Pipeline->then(Object(Closure))
#49 /mnt/c/www/Livkalni/vendor/laravel/framework/src/Illuminate/Foundation/Http/Kernel.php(116): Illuminate\Foundation\Http\Kernel->sendRequestThroughRouter(Object(Illuminate\Http\Request))
#50 /mnt/c/www/Livkalni/index.php(43): Illuminate\Foundation\Http\Kernel->handle(Object(Illuminate\Http\Request))
#51 {main}  
[2020-03-22 09:37:13] development.ERROR: Twig\Error\SyntaxError: An array element must be followed by a comma. Unexpected token "arrow function" of value "=>" ("punctuation" expected with value ",") in "/mnt/c/www/Livkalni/themes/demo/pages/home.htm" at line 22. in /mnt/c/www/Livkalni/vendor/twig/twig/src/TokenStream.php:76
Stack trace:
#0 /mnt/c/www/Livkalni/vendor/twig/twig/src/ExpressionParser.php(329): Twig\TokenStream->expect(9, ',', 'An array elemen...')
#1 /mnt/c/www/Livkalni/vendor/twig/twig/src/ExpressionParser.php(279): Twig\ExpressionParser->parseArrayExpression()
#2 /mnt/c/www/Livkalni/vendor/twig/twig/src/ExpressionParser.php(175): Twig\ExpressionParser->parsePrimaryExpression()
#3 /mnt/c/www/Livkalni/vendor/twig/twig/src/ExpressionParser.php(70): Twig\ExpressionParser->getPrimary()
#4 /mnt/c/www/Livkalni/modules/cms/Twig/PartialTokenParser.php(45): Twig\ExpressionParser->parseExpression()
#5 /mnt/c/www/Livkalni/vendor/twig/twig/src/Parser.php(185): Cms\Twig\PartialTokenParser->parse(Object(Twig\Token))
#6 /mnt/c/www/Livkalni/vendor/twig/twig/src/Parser.php(98): Twig\Parser->subparse(NULL, false)
#7 /mnt/c/www/Livkalni/vendor/twig/twig/src/Environment.php(563): Twig\Parser->parse(Object(Twig\TokenStream))
#8 /mnt/c/www/Livkalni/vendor/twig/twig/src/Environment.php(595): Twig\Environment->parse(Object(Twig\TokenStream))
#9 /mnt/c/www/Livkalni/vendor/twig/twig/src/Environment.php(408): Twig\Environment->compileSource(Object(Twig\Source))
#10 /mnt/c/www/Livkalni/vendor/twig/twig/src/Environment.php(381): Twig\Environment->loadClass('__TwigTemplate_...', '/mnt/c/www/Livk...', NULL)
#11 /mnt/c/www/Livkalni/modules/cms/Classes/Controller.php(422): Twig\Environment->loadTemplate('/mnt/c/www/Livk...')
#12 /mnt/c/www/Livkalni/modules/cms/Classes/Controller.php(223): Cms\Classes\Controller->runPage(Object(Cms\Classes\Page))
#13 /mnt/c/www/Livkalni/modules/cms/Classes/CmsController.php(50): Cms\Classes\Controller->run('/')
#14 [internal function]: Cms\Classes\CmsController->run('/')
#15 /mnt/c/www/Livkalni/vendor/laravel/framework/src/Illuminate/Routing/Controller.php(54): call_user_func_array(Array, Array)
#16 /mnt/c/www/Livkalni/vendor/laravel/framework/src/Illuminate/Routing/ControllerDispatcher.php(45): Illuminate\Routing\Controller->callAction('run', Array)
#17 /mnt/c/www/Livkalni/vendor/laravel/framework/src/Illuminate/Routing/Route.php(212): Illuminate\Routing\ControllerDispatcher->dispatch(Object(Illuminate\Routing\Route), Object(Cms\Classes\CmsController), 'run')
#18 /mnt/c/www/Livkalni/vendor/laravel/framework/src/Illuminate/Routing/Route.php(169): Illuminate\Routing\Route->runController()
#19 /mnt/c/www/Livkalni/vendor/laravel/framework/src/Illuminate/Routing/Router.php(658): Illuminate\Routing\Route->run()
#20 /mnt/c/www/Livkalni/vendor/laravel/framework/src/Illuminate/Routing/Pipeline.php(30): Illuminate\Routing\Router->Illuminate\Routing\{closure}(Object(Illuminate\Http\Request))
#21 /mnt/c/www/Livkalni/vendor/laravel/framework/src/Illuminate/Routing/Middleware/SubstituteBindings.php(41): Illuminate\Routing\Pipeline->Illuminate\Routing\{closure}(Object(Illuminate\Http\Request))
#22 /mnt/c/www/Livkalni/vendor/laravel/framework/src/Illuminate/Pipeline/Pipeline.php(149): Illuminate\Routing\Middleware\SubstituteBindings->handle(Object(Illuminate\Http\Request), Object(Closure))
#23 /mnt/c/www/Livkalni/vendor/laravel/framework/src/Illuminate/Routing/Pipeline.php(53): Illuminate\Pipeline\Pipeline->Illuminate\Pipeline\{closure}(Object(Illuminate\Http\Request))
#24 /mnt/c/www/Livkalni/vendor/laravel/framework/src/Illuminate/View/Middleware/ShareErrorsFromSession.php(49): Illuminate\Routing\Pipeline->Illuminate\Routing\{closure}(Object(Illuminate\Http\Request))
#25 /mnt/c/www/Livkalni/vendor/laravel/framework/src/Illuminate/Pipeline/Pipeline.php(149): Illuminate\View\Middleware\ShareErrorsFromSession->handle(Object(Illuminate\Http\Request), Object(Closure))
#26 /mnt/c/www/Livkalni/vendor/laravel/framework/src/Illuminate/Routing/Pipeline.php(53): Illuminate\Pipeline\Pipeline->Illuminate\Pipeline\{closure}(Object(Illuminate\Http\Request))
#27 /mnt/c/www/Livkalni/vendor/laravel/framework/src/Illuminate/Session/Middleware/StartSession.php(63): Illuminate\Routing\Pipeline->Illuminate\Routing\{closure}(Object(Illuminate\Http\Request))
#28 /mnt/c/www/Livkalni/vendor/laravel/framework/src/Illuminate/Pipeline/Pipeline.php(149): Illuminate\Session\Middleware\StartSession->handle(Object(Illuminate\Http\Request), Object(Closure))
#29 /mnt/c/www/Livkalni/vendor/laravel/framework/src/Illuminate/Routing/Pipeline.php(53): Illuminate\Pipeline\Pipeline->Illuminate\Pipeline\{closure}(Object(Illuminate\Http\Request))
#30 /mnt/c/www/Livkalni/vendor/laravel/framework/src/Illuminate/Cookie/Middleware/AddQueuedCookiesToResponse.php(37): Illuminate\Routing\Pipeline->Illuminate\Routing\{closure}(Object(Illuminate\Http\Request))
#31 /mnt/c/www/Livkalni/vendor/laravel/framework/src/Illuminate/Pipeline/Pipeline.php(149): Illuminate\Cookie\Middleware\AddQueuedCookiesToResponse->handle(Object(Illuminate\Http\Request), Object(Closure))
#32 /mnt/c/www/Livkalni/vendor/laravel/framework/src/Illuminate/Routing/Pipeline.php(53): Illuminate\Pipeline\Pipeline->Illuminate\Pipeline\{closure}(Object(Illuminate\Http\Request))
#33 /mnt/c/www/Livkalni/vendor/laravel/framework/src/Illuminate/Cookie/Middleware/EncryptCookies.php(66): Illuminate\Routing\Pipeline->Illuminate\Routing\{closure}(Object(Illuminate\Http\Request))
#34 /mnt/c/www/Livkalni/vendor/laravel/framework/src/Illuminate/Pipeline/Pipeline.php(149): Illuminate\Cookie\Middleware\EncryptCookies->handle(Object(Illuminate\Http\Request), Object(Closure))
#35 /mnt/c/www/Livkalni/vendor/laravel/framework/src/Illuminate/Routing/Pipeline.php(53): Illuminate\Pipeline\Pipeline->Illuminate\Pipeline\{closure}(Object(Illuminate\Http\Request))
#36 /mnt/c/www/Livkalni/vendor/laravel/framework/src/Illuminate/Pipeline/Pipeline.php(102): Illuminate\Routing\Pipeline->Illuminate\Routing\{closure}(Object(Illuminate\Http\Request))
#37 /mnt/c/www/Livkalni/vendor/laravel/framework/src/Illuminate/Routing/Router.php(660): Illuminate\Pipeline\Pipeline->then(Object(Closure))
#38 /mnt/c/www/Livkalni/vendor/laravel/framework/src/Illuminate/Routing/Router.php(635): Illuminate\Routing\Router->runRouteWithinStack(Object(Illuminate\Routing\Route), Object(Illuminate\Http\Request))
#39 /mnt/c/www/Livkalni/vendor/laravel/framework/src/Illuminate/Routing/Router.php(601): Illuminate\Routing\Router->runRoute(Object(Illuminate\Http\Request), Object(Illuminate\Routing\Route))
#40 /mnt/c/www/Livkalni/vendor/october/rain/src/Router/CoreRouter.php(20): Illuminate\Routing\Router->dispatchToRoute(Object(Illuminate\Http\Request))
#41 /mnt/c/www/Livkalni/vendor/laravel/framework/src/Illuminate/Foundation/Http/Kernel.php(176): October\Rain\Router\CoreRouter->dispatch(Object(Illuminate\Http\Request))
#42 /mnt/c/www/Livkalni/vendor/laravel/framework/src/Illuminate/Routing/Pipeline.php(30): Illuminate\Foundation\Http\Kernel->Illuminate\Foundation\Http\{closure}(Object(Illuminate\Http\Request))
#43 /mnt/c/www/Livkalni/vendor/laravel/framework/src/Illuminate/Foundation/Http/Middleware/CheckForMaintenanceMode.php(46): Illuminate\Routing\Pipeline->Illuminate\Routing\{closure}(Object(Illuminate\Http\Request))
#44 /mnt/c/www/Livkalni/vendor/october/rain/src/Foundation/Http/Middleware/CheckForMaintenanceMode.php(24): Illuminate\Foundation\Http\Middleware\CheckForMaintenanceMode->handle(Object(Illuminate\Http\Request), Object(Closure))
#45 /mnt/c/www/Livkalni/vendor/laravel/framework/src/Illuminate/Pipeline/Pipeline.php(149): October\Rain\Foundation\Http\Middleware\CheckForMaintenanceMode->handle(Object(Illuminate\Http\Request), Object(Closure))
#46 /mnt/c/www/Livkalni/vendor/laravel/framework/src/Illuminate/Routing/Pipeline.php(53): Illuminate\Pipeline\Pipeline->Illuminate\Pipeline\{closure}(Object(Illuminate\Http\Request))
#47 /mnt/c/www/Livkalni/vendor/laravel/framework/src/Illuminate/Pipeline/Pipeline.php(102): Illuminate\Routing\Pipeline->Illuminate\Routing\{closure}(Object(Illuminate\Http\Request))
#48 /mnt/c/www/Livkalni/vendor/laravel/framework/src/Illuminate/Foundation/Http/Kernel.php(151): Illuminate\Pipeline\Pipeline->then(Object(Closure))
#49 /mnt/c/www/Livkalni/vendor/laravel/framework/src/Illuminate/Foundation/Http/Kernel.php(116): Illuminate\Foundation\Http\Kernel->sendRequestThroughRouter(Object(Illuminate\Http\Request))
#50 /mnt/c/www/Livkalni/index.php(43): Illuminate\Foundation\Http\Kernel->handle(Object(Illuminate\Http\Request))
#51 {main}  
[2020-03-22 09:39:11] development.ERROR: ErrorException: syntax error, unexpected $end, expecting ']' in Unknown on line 5
 in /mnt/c/www/Livkalni/vendor/october/rain/src/Parse/Ini.php:23
Stack trace:
#0 [internal function]: Illuminate\Foundation\Bootstrap\HandleExceptions->handleError(2, 'syntax error, u...', '/mnt/c/www/Livk...', 23, Array)
#1 /mnt/c/www/Livkalni/vendor/october/rain/src/Parse/Ini.php(23): parse_ini_string('title = "Home P...', true)
#2 /mnt/c/www/Livkalni/vendor/laravel/framework/src/Illuminate/Support/Facades/Facade.php(221): October\Rain\Parse\Ini->parse('title = "Home P...')
#3 /mnt/c/www/Livkalni/modules/cms/Classes/CmsCompoundObject.php(124): Illuminate\Support\Facades\Facade::__callStatic('parse', Array)
#4 /mnt/c/www/Livkalni/modules/cms/Classes/CmsCompoundObject.php(91): Cms\Classes\CmsCompoundObject->validateSettings()
#5 /mnt/c/www/Livkalni/vendor/october/rain/src/Halcyon/Model.php(245): Cms\Classes\CmsCompoundObject->afterFetch()
#6 [internal function]: October\Rain\Halcyon\Model->October\Rain\Halcyon\{closure}(Object(Cms\Classes\Page))
#7 /mnt/c/www/Livkalni/vendor/october/rain/src/Events/Dispatcher.php(233): call_user_func_array(Object(Closure), Array)
#8 /mnt/c/www/Livkalni/vendor/october/rain/src/Events/Dispatcher.php(197): October\Rain\Events\Dispatcher->dispatch('halcyon.fetched...', Array, false)
#9 /mnt/c/www/Livkalni/vendor/october/rain/src/Halcyon/Model.php(1357): October\Rain\Events\Dispatcher->fire('halcyon.fetched...', Object(Cms\Classes\Page))
#10 /mnt/c/www/Livkalni/vendor/october/rain/src/Halcyon/Model.php(490): October\Rain\Halcyon\Model->fireModelEvent('halcyon.fetched...', false)
#11 /mnt/c/www/Livkalni/vendor/october/rain/src/Halcyon/Model.php(509): October\Rain\Halcyon\Model->newFromBuilder(Array)
#12 [internal function]: October\Rain\Halcyon\Model::October\Rain\Halcyon\{closure}(Array)
#13 /mnt/c/www/Livkalni/vendor/october/rain/src/Halcyon/Model.php(510): array_map(Object(Closure), Array)
#14 /mnt/c/www/Livkalni/vendor/october/rain/src/Halcyon/Builder.php(455): October\Rain\Halcyon\Model::hydrate(Array, 'demo')
#15 /mnt/c/www/Livkalni/vendor/october/rain/src/Halcyon/Builder.php(256): October\Rain\Halcyon\Builder->getModels(Array)
#16 /mnt/c/www/Livkalni/vendor/october/rain/src/Halcyon/Builder.php(238): October\Rain\Halcyon\Builder->get()
#17 /mnt/c/www/Livkalni/vendor/october/rain/src/Halcyon/Builder.php(228): October\Rain\Halcyon\Builder->first()
#18 /mnt/c/www/Livkalni/modules/cms/Classes/CmsObject.php(110): October\Rain\Halcyon\Builder->find('home.htm')
#19 /mnt/c/www/Livkalni/modules/cms/Classes/CmsObject.php(133): Cms\Classes\CmsObject::loadCached(Object(Cms\Classes\Theme), 'home.htm')
#20 /mnt/c/www/Livkalni/modules/cms/Classes/Theme.php(130): Cms\Classes\CmsObject::listInTheme(Object(Cms\Classes\Theme), false)
#21 /mnt/c/www/Livkalni/modules/cms/Classes/Router.php(242): Cms\Classes\Theme->listPages()
#22 /mnt/c/www/Livkalni/modules/cms/Classes/Router.php(213): Cms\Classes\Router->loadUrlMap()
#23 /mnt/c/www/Livkalni/modules/cms/Classes/Router.php(194): Cms\Classes\Router->getUrlMap()
#24 /mnt/c/www/Livkalni/modules/cms/Classes/Router.php(114): Cms\Classes\Router->getRouterObject()
#25 /mnt/c/www/Livkalni/modules/cms/Classes/Controller.php(153): Cms\Classes\Router->findByUrl('/')
#26 /mnt/c/www/Livkalni/modules/cms/Classes/CmsController.php(50): Cms\Classes\Controller->run('/')
#27 [internal function]: Cms\Classes\CmsController->run('/')
#28 /mnt/c/www/Livkalni/vendor/laravel/framework/src/Illuminate/Routing/Controller.php(54): call_user_func_array(Array, Array)
#29 /mnt/c/www/Livkalni/vendor/laravel/framework/src/Illuminate/Routing/ControllerDispatcher.php(45): Illuminate\Routing\Controller->callAction('run', Array)
#30 /mnt/c/www/Livkalni/vendor/laravel/framework/src/Illuminate/Routing/Route.php(212): Illuminate\Routing\ControllerDispatcher->dispatch(Object(Illuminate\Routing\Route), Object(Cms\Classes\CmsController), 'run')
#31 /mnt/c/www/Livkalni/vendor/laravel/framework/src/Illuminate/Routing/Route.php(169): Illuminate\Routing\Route->runController()
#32 /mnt/c/www/Livkalni/vendor/laravel/framework/src/Illuminate/Routing/Router.php(658): Illuminate\Routing\Route->run()
#33 /mnt/c/www/Livkalni/vendor/laravel/framework/src/Illuminate/Routing/Pipeline.php(30): Illuminate\Routing\Router->Illuminate\Routing\{closure}(Object(Illuminate\Http\Request))
#34 /mnt/c/www/Livkalni/vendor/laravel/framework/src/Illuminate/Routing/Middleware/SubstituteBindings.php(41): Illuminate\Routing\Pipeline->Illuminate\Routing\{closure}(Object(Illuminate\Http\Request))
#35 /mnt/c/www/Livkalni/vendor/laravel/framework/src/Illuminate/Pipeline/Pipeline.php(149): Illuminate\Routing\Middleware\SubstituteBindings->handle(Object(Illuminate\Http\Request), Object(Closure))
#36 /mnt/c/www/Livkalni/vendor/laravel/framework/src/Illuminate/Routing/Pipeline.php(53): Illuminate\Pipeline\Pipeline->Illuminate\Pipeline\{closure}(Object(Illuminate\Http\Request))
#37 /mnt/c/www/Livkalni/vendor/laravel/framework/src/Illuminate/View/Middleware/ShareErrorsFromSession.php(49): Illuminate\Routing\Pipeline->Illuminate\Routing\{closure}(Object(Illuminate\Http\Request))
#38 /mnt/c/www/Livkalni/vendor/laravel/framework/src/Illuminate/Pipeline/Pipeline.php(149): Illuminate\View\Middleware\ShareErrorsFromSession->handle(Object(Illuminate\Http\Request), Object(Closure))
#39 /mnt/c/www/Livkalni/vendor/laravel/framework/src/Illuminate/Routing/Pipeline.php(53): Illuminate\Pipeline\Pipeline->Illuminate\Pipeline\{closure}(Object(Illuminate\Http\Request))
#40 /mnt/c/www/Livkalni/vendor/laravel/framework/src/Illuminate/Session/Middleware/StartSession.php(63): Illuminate\Routing\Pipeline->Illuminate\Routing\{closure}(Object(Illuminate\Http\Request))
#41 /mnt/c/www/Livkalni/vendor/laravel/framework/src/Illuminate/Pipeline/Pipeline.php(149): Illuminate\Session\Middleware\StartSession->handle(Object(Illuminate\Http\Request), Object(Closure))
#42 /mnt/c/www/Livkalni/vendor/laravel/framework/src/Illuminate/Routing/Pipeline.php(53): Illuminate\Pipeline\Pipeline->Illuminate\Pipeline\{closure}(Object(Illuminate\Http\Request))
#43 /mnt/c/www/Livkalni/vendor/laravel/framework/src/Illuminate/Cookie/Middleware/AddQueuedCookiesToResponse.php(37): Illuminate\Routing\Pipeline->Illuminate\Routing\{closure}(Object(Illuminate\Http\Request))
#44 /mnt/c/www/Livkalni/vendor/laravel/framework/src/Illuminate/Pipeline/Pipeline.php(149): Illuminate\Cookie\Middleware\AddQueuedCookiesToResponse->handle(Object(Illuminate\Http\Request), Object(Closure))
#45 /mnt/c/www/Livkalni/vendor/laravel/framework/src/Illuminate/Routing/Pipeline.php(53): Illuminate\Pipeline\Pipeline->Illuminate\Pipeline\{closure}(Object(Illuminate\Http\Request))
#46 /mnt/c/www/Livkalni/vendor/laravel/framework/src/Illuminate/Cookie/Middleware/EncryptCookies.php(66): Illuminate\Routing\Pipeline->Illuminate\Routing\{closure}(Object(Illuminate\Http\Request))
#47 /mnt/c/www/Livkalni/vendor/laravel/framework/src/Illuminate/Pipeline/Pipeline.php(149): Illuminate\Cookie\Middleware\EncryptCookies->handle(Object(Illuminate\Http\Request), Object(Closure))
#48 /mnt/c/www/Livkalni/vendor/laravel/framework/src/Illuminate/Routing/Pipeline.php(53): Illuminate\Pipeline\Pipeline->Illuminate\Pipeline\{closure}(Object(Illuminate\Http\Request))
#49 /mnt/c/www/Livkalni/vendor/laravel/framework/src/Illuminate/Pipeline/Pipeline.php(102): Illuminate\Routing\Pipeline->Illuminate\Routing\{closure}(Object(Illuminate\Http\Request))
#50 /mnt/c/www/Livkalni/vendor/laravel/framework/src/Illuminate/Routing/Router.php(660): Illuminate\Pipeline\Pipeline->then(Object(Closure))
#51 /mnt/c/www/Livkalni/vendor/laravel/framework/src/Illuminate/Routing/Router.php(635): Illuminate\Routing\Router->runRouteWithinStack(Object(Illuminate\Routing\Route), Object(Illuminate\Http\Request))
#52 /mnt/c/www/Livkalni/vendor/laravel/framework/src/Illuminate/Routing/Router.php(601): Illuminate\Routing\Router->runRoute(Object(Illuminate\Http\Request), Object(Illuminate\Routing\Route))
#53 /mnt/c/www/Livkalni/vendor/october/rain/src/Router/CoreRouter.php(20): Illuminate\Routing\Router->dispatchToRoute(Object(Illuminate\Http\Request))
#54 /mnt/c/www/Livkalni/vendor/laravel/framework/src/Illuminate/Foundation/Http/Kernel.php(176): October\Rain\Router\CoreRouter->dispatch(Object(Illuminate\Http\Request))
#55 /mnt/c/www/Livkalni/vendor/laravel/framework/src/Illuminate/Routing/Pipeline.php(30): Illuminate\Foundation\Http\Kernel->Illuminate\Foundation\Http\{closure}(Object(Illuminate\Http\Request))
#56 /mnt/c/www/Livkalni/vendor/laravel/framework/src/Illuminate/Foundation/Http/Middleware/CheckForMaintenanceMode.php(46): Illuminate\Routing\Pipeline->Illuminate\Routing\{closure}(Object(Illuminate\Http\Request))
#57 /mnt/c/www/Livkalni/vendor/october/rain/src/Foundation/Http/Middleware/CheckForMaintenanceMode.php(24): Illuminate\Foundation\Http\Middleware\CheckForMaintenanceMode->handle(Object(Illuminate\Http\Request), Object(Closure))
#58 /mnt/c/www/Livkalni/vendor/laravel/framework/src/Illuminate/Pipeline/Pipeline.php(149): October\Rain\Foundation\Http\Middleware\CheckForMaintenanceMode->handle(Object(Illuminate\Http\Request), Object(Closure))
#59 /mnt/c/www/Livkalni/vendor/laravel/framework/src/Illuminate/Routing/Pipeline.php(53): Illuminate\Pipeline\Pipeline->Illuminate\Pipeline\{closure}(Object(Illuminate\Http\Request))
#60 /mnt/c/www/Livkalni/vendor/laravel/framework/src/Illuminate/Pipeline/Pipeline.php(102): Illuminate\Routing\Pipeline->Illuminate\Routing\{closure}(Object(Illuminate\Http\Request))
#61 /mnt/c/www/Livkalni/vendor/laravel/framework/src/Illuminate/Foundation/Http/Kernel.php(151): Illuminate\Pipeline\Pipeline->then(Object(Closure))
#62 /mnt/c/www/Livkalni/vendor/laravel/framework/src/Illuminate/Foundation/Http/Kernel.php(116): Illuminate\Foundation\Http\Kernel->sendRequestThroughRouter(Object(Illuminate\Http\Request))
#63 /mnt/c/www/Livkalni/index.php(43): Illuminate\Foundation\Http\Kernel->handle(Object(Illuminate\Http\Request))
#64 {main}  
[2020-03-22 09:39:28] development.ERROR: ErrorException: syntax error, unexpected $end, expecting ']' in Unknown on line 5
 in /mnt/c/www/Livkalni/vendor/october/rain/src/Parse/Ini.php:23
Stack trace:
#0 [internal function]: Illuminate\Foundation\Bootstrap\HandleExceptions->handleError(2, 'syntax error, u...', '/mnt/c/www/Livk...', 23, Array)
#1 /mnt/c/www/Livkalni/vendor/october/rain/src/Parse/Ini.php(23): parse_ini_string('title = "Home P...', true)
#2 /mnt/c/www/Livkalni/vendor/laravel/framework/src/Illuminate/Support/Facades/Facade.php(221): October\Rain\Parse\Ini->parse('title = "Home P...')
#3 /mnt/c/www/Livkalni/modules/cms/Classes/CmsCompoundObject.php(124): Illuminate\Support\Facades\Facade::__callStatic('parse', Array)
#4 /mnt/c/www/Livkalni/modules/cms/Classes/CmsCompoundObject.php(91): Cms\Classes\CmsCompoundObject->validateSettings()
#5 /mnt/c/www/Livkalni/vendor/october/rain/src/Halcyon/Model.php(245): Cms\Classes\CmsCompoundObject->afterFetch()
#6 [internal function]: October\Rain\Halcyon\Model->October\Rain\Halcyon\{closure}(Object(Cms\Classes\Page))
#7 /mnt/c/www/Livkalni/vendor/october/rain/src/Events/Dispatcher.php(233): call_user_func_array(Object(Closure), Array)
#8 /mnt/c/www/Livkalni/vendor/october/rain/src/Events/Dispatcher.php(197): October\Rain\Events\Dispatcher->dispatch('halcyon.fetched...', Array, false)
#9 /mnt/c/www/Livkalni/vendor/october/rain/src/Halcyon/Model.php(1357): October\Rain\Events\Dispatcher->fire('halcyon.fetched...', Object(Cms\Classes\Page))
#10 /mnt/c/www/Livkalni/vendor/october/rain/src/Halcyon/Model.php(490): October\Rain\Halcyon\Model->fireModelEvent('halcyon.fetched...', false)
#11 /mnt/c/www/Livkalni/vendor/october/rain/src/Halcyon/Model.php(509): October\Rain\Halcyon\Model->newFromBuilder(Array)
#12 [internal function]: October\Rain\Halcyon\Model::October\Rain\Halcyon\{closure}(Array)
#13 /mnt/c/www/Livkalni/vendor/october/rain/src/Halcyon/Model.php(510): array_map(Object(Closure), Array)
#14 /mnt/c/www/Livkalni/vendor/october/rain/src/Halcyon/Builder.php(455): October\Rain\Halcyon\Model::hydrate(Array, 'demo')
#15 /mnt/c/www/Livkalni/vendor/october/rain/src/Halcyon/Builder.php(256): October\Rain\Halcyon\Builder->getModels(Array)
#16 /mnt/c/www/Livkalni/vendor/october/rain/src/Halcyon/Builder.php(238): October\Rain\Halcyon\Builder->get()
#17 /mnt/c/www/Livkalni/vendor/october/rain/src/Halcyon/Builder.php(228): October\Rain\Halcyon\Builder->first()
#18 /mnt/c/www/Livkalni/modules/cms/Classes/CmsObject.php(110): October\Rain\Halcyon\Builder->find('home.htm')
#19 /mnt/c/www/Livkalni/modules/cms/Classes/CmsObject.php(133): Cms\Classes\CmsObject::loadCached(Object(Cms\Classes\Theme), 'home.htm')
#20 /mnt/c/www/Livkalni/modules/cms/Classes/Theme.php(130): Cms\Classes\CmsObject::listInTheme(Object(Cms\Classes\Theme), false)
#21 /mnt/c/www/Livkalni/modules/cms/Classes/Router.php(242): Cms\Classes\Theme->listPages()
#22 /mnt/c/www/Livkalni/modules/cms/Classes/Router.php(213): Cms\Classes\Router->loadUrlMap()
#23 /mnt/c/www/Livkalni/modules/cms/Classes/Router.php(194): Cms\Classes\Router->getUrlMap()
#24 /mnt/c/www/Livkalni/modules/cms/Classes/Router.php(114): Cms\Classes\Router->getRouterObject()
#25 /mnt/c/www/Livkalni/modules/cms/Classes/Controller.php(153): Cms\Classes\Router->findByUrl('/')
#26 /mnt/c/www/Livkalni/modules/cms/Classes/CmsController.php(50): Cms\Classes\Controller->run('/')
#27 [internal function]: Cms\Classes\CmsController->run('/')
#28 /mnt/c/www/Livkalni/vendor/laravel/framework/src/Illuminate/Routing/Controller.php(54): call_user_func_array(Array, Array)
#29 /mnt/c/www/Livkalni/vendor/laravel/framework/src/Illuminate/Routing/ControllerDispatcher.php(45): Illuminate\Routing\Controller->callAction('run', Array)
#30 /mnt/c/www/Livkalni/vendor/laravel/framework/src/Illuminate/Routing/Route.php(212): Illuminate\Routing\ControllerDispatcher->dispatch(Object(Illuminate\Routing\Route), Object(Cms\Classes\CmsController), 'run')
#31 /mnt/c/www/Livkalni/vendor/laravel/framework/src/Illuminate/Routing/Route.php(169): Illuminate\Routing\Route->runController()
#32 /mnt/c/www/Livkalni/vendor/laravel/framework/src/Illuminate/Routing/Router.php(658): Illuminate\Routing\Route->run()
#33 /mnt/c/www/Livkalni/vendor/laravel/framework/src/Illuminate/Routing/Pipeline.php(30): Illuminate\Routing\Router->Illuminate\Routing\{closure}(Object(Illuminate\Http\Request))
#34 /mnt/c/www/Livkalni/vendor/laravel/framework/src/Illuminate/Routing/Middleware/SubstituteBindings.php(41): Illuminate\Routing\Pipeline->Illuminate\Routing\{closure}(Object(Illuminate\Http\Request))
#35 /mnt/c/www/Livkalni/vendor/laravel/framework/src/Illuminate/Pipeline/Pipeline.php(149): Illuminate\Routing\Middleware\SubstituteBindings->handle(Object(Illuminate\Http\Request), Object(Closure))
#36 /mnt/c/www/Livkalni/vendor/laravel/framework/src/Illuminate/Routing/Pipeline.php(53): Illuminate\Pipeline\Pipeline->Illuminate\Pipeline\{closure}(Object(Illuminate\Http\Request))
#37 /mnt/c/www/Livkalni/vendor/laravel/framework/src/Illuminate/View/Middleware/ShareErrorsFromSession.php(49): Illuminate\Routing\Pipeline->Illuminate\Routing\{closure}(Object(Illuminate\Http\Request))
#38 /mnt/c/www/Livkalni/vendor/laravel/framework/src/Illuminate/Pipeline/Pipeline.php(149): Illuminate\View\Middleware\ShareErrorsFromSession->handle(Object(Illuminate\Http\Request), Object(Closure))
#39 /mnt/c/www/Livkalni/vendor/laravel/framework/src/Illuminate/Routing/Pipeline.php(53): Illuminate\Pipeline\Pipeline->Illuminate\Pipeline\{closure}(Object(Illuminate\Http\Request))
#40 /mnt/c/www/Livkalni/vendor/laravel/framework/src/Illuminate/Session/Middleware/StartSession.php(63): Illuminate\Routing\Pipeline->Illuminate\Routing\{closure}(Object(Illuminate\Http\Request))
#41 /mnt/c/www/Livkalni/vendor/laravel/framework/src/Illuminate/Pipeline/Pipeline.php(149): Illuminate\Session\Middleware\StartSession->handle(Object(Illuminate\Http\Request), Object(Closure))
#42 /mnt/c/www/Livkalni/vendor/laravel/framework/src/Illuminate/Routing/Pipeline.php(53): Illuminate\Pipeline\Pipeline->Illuminate\Pipeline\{closure}(Object(Illuminate\Http\Request))
#43 /mnt/c/www/Livkalni/vendor/laravel/framework/src/Illuminate/Cookie/Middleware/AddQueuedCookiesToResponse.php(37): Illuminate\Routing\Pipeline->Illuminate\Routing\{closure}(Object(Illuminate\Http\Request))
#44 /mnt/c/www/Livkalni/vendor/laravel/framework/src/Illuminate/Pipeline/Pipeline.php(149): Illuminate\Cookie\Middleware\AddQueuedCookiesToResponse->handle(Object(Illuminate\Http\Request), Object(Closure))
#45 /mnt/c/www/Livkalni/vendor/laravel/framework/src/Illuminate/Routing/Pipeline.php(53): Illuminate\Pipeline\Pipeline->Illuminate\Pipeline\{closure}(Object(Illuminate\Http\Request))
#46 /mnt/c/www/Livkalni/vendor/laravel/framework/src/Illuminate/Cookie/Middleware/EncryptCookies.php(66): Illuminate\Routing\Pipeline->Illuminate\Routing\{closure}(Object(Illuminate\Http\Request))
#47 /mnt/c/www/Livkalni/vendor/laravel/framework/src/Illuminate/Pipeline/Pipeline.php(149): Illuminate\Cookie\Middleware\EncryptCookies->handle(Object(Illuminate\Http\Request), Object(Closure))
#48 /mnt/c/www/Livkalni/vendor/laravel/framework/src/Illuminate/Routing/Pipeline.php(53): Illuminate\Pipeline\Pipeline->Illuminate\Pipeline\{closure}(Object(Illuminate\Http\Request))
#49 /mnt/c/www/Livkalni/vendor/laravel/framework/src/Illuminate/Pipeline/Pipeline.php(102): Illuminate\Routing\Pipeline->Illuminate\Routing\{closure}(Object(Illuminate\Http\Request))
#50 /mnt/c/www/Livkalni/vendor/laravel/framework/src/Illuminate/Routing/Router.php(660): Illuminate\Pipeline\Pipeline->then(Object(Closure))
#51 /mnt/c/www/Livkalni/vendor/laravel/framework/src/Illuminate/Routing/Router.php(635): Illuminate\Routing\Router->runRouteWithinStack(Object(Illuminate\Routing\Route), Object(Illuminate\Http\Request))
#52 /mnt/c/www/Livkalni/vendor/laravel/framework/src/Illuminate/Routing/Router.php(601): Illuminate\Routing\Router->runRoute(Object(Illuminate\Http\Request), Object(Illuminate\Routing\Route))
#53 /mnt/c/www/Livkalni/vendor/october/rain/src/Router/CoreRouter.php(20): Illuminate\Routing\Router->dispatchToRoute(Object(Illuminate\Http\Request))
#54 /mnt/c/www/Livkalni/vendor/laravel/framework/src/Illuminate/Foundation/Http/Kernel.php(176): October\Rain\Router\CoreRouter->dispatch(Object(Illuminate\Http\Request))
#55 /mnt/c/www/Livkalni/vendor/laravel/framework/src/Illuminate/Routing/Pipeline.php(30): Illuminate\Foundation\Http\Kernel->Illuminate\Foundation\Http\{closure}(Object(Illuminate\Http\Request))
#56 /mnt/c/www/Livkalni/vendor/laravel/framework/src/Illuminate/Foundation/Http/Middleware/CheckForMaintenanceMode.php(46): Illuminate\Routing\Pipeline->Illuminate\Routing\{closure}(Object(Illuminate\Http\Request))
#57 /mnt/c/www/Livkalni/vendor/october/rain/src/Foundation/Http/Middleware/CheckForMaintenanceMode.php(24): Illuminate\Foundation\Http\Middleware\CheckForMaintenanceMode->handle(Object(Illuminate\Http\Request), Object(Closure))
#58 /mnt/c/www/Livkalni/vendor/laravel/framework/src/Illuminate/Pipeline/Pipeline.php(149): October\Rain\Foundation\Http\Middleware\CheckForMaintenanceMode->handle(Object(Illuminate\Http\Request), Object(Closure))
#59 /mnt/c/www/Livkalni/vendor/laravel/framework/src/Illuminate/Routing/Pipeline.php(53): Illuminate\Pipeline\Pipeline->Illuminate\Pipeline\{closure}(Object(Illuminate\Http\Request))
#60 /mnt/c/www/Livkalni/vendor/laravel/framework/src/Illuminate/Pipeline/Pipeline.php(102): Illuminate\Routing\Pipeline->Illuminate\Routing\{closure}(Object(Illuminate\Http\Request))
#61 /mnt/c/www/Livkalni/vendor/laravel/framework/src/Illuminate/Foundation/Http/Kernel.php(151): Illuminate\Pipeline\Pipeline->then(Object(Closure))
#62 /mnt/c/www/Livkalni/vendor/laravel/framework/src/Illuminate/Foundation/Http/Kernel.php(116): Illuminate\Foundation\Http\Kernel->sendRequestThroughRouter(Object(Illuminate\Http\Request))
#63 /mnt/c/www/Livkalni/index.php(43): Illuminate\Foundation\Http\Kernel->handle(Object(Illuminate\Http\Request))
#64 {main}  
[2020-03-22 10:03:43] development.ERROR: PDOException: SQLSTATE[HY000] [1049] Unknown database 'livkalni' in /mnt/c/www/Livkalni/vendor/doctrine/dbal/lib/Doctrine/DBAL/Driver/PDOConnection.php:43
Stack trace:
#0 /mnt/c/www/Livkalni/vendor/doctrine/dbal/lib/Doctrine/DBAL/Driver/PDOConnection.php(43): PDO->__construct('mysql:host=loca...', 'edijs', 'Putrasgalva*1', Array)
#1 /mnt/c/www/Livkalni/vendor/laravel/framework/src/Illuminate/Database/Connectors/Connector.php(64): Doctrine\DBAL\Driver\PDOConnection->__construct('mysql:host=loca...', 'edijs', 'Putrasgalva*1', Array)
#2 /mnt/c/www/Livkalni/vendor/laravel/framework/src/Illuminate/Database/Connectors/Connector.php(43): Illuminate\Database\Connectors\Connector->createPdoConnection('mysql:host=loca...', 'edijs', 'Putrasgalva*1', Array)
#3 /mnt/c/www/Livkalni/vendor/laravel/framework/src/Illuminate/Database/Connectors/MySqlConnector.php(24): Illuminate\Database\Connectors\Connector->createConnection('mysql:host=loca...', Array, Array)
#4 /mnt/c/www/Livkalni/vendor/october/rain/src/Database/Connectors/ConnectionFactory.php(29): Illuminate\Database\Connectors\MySqlConnector->connect(Array)
#5 [internal function]: October\Rain\Database\Connectors\ConnectionFactory->October\Rain\Database\Connectors\{closure}()
#6 /mnt/c/www/Livkalni/vendor/laravel/framework/src/Illuminate/Database/Connection.php(915): call_user_func(Object(Closure))
#7 /mnt/c/www/Livkalni/vendor/laravel/framework/src/Illuminate/Database/Connection.php(940): Illuminate\Database\Connection->getPdo()
#8 /mnt/c/www/Livkalni/vendor/laravel/framework/src/Illuminate/Database/Connection.php(399): Illuminate\Database\Connection->getReadPdo()
#9 /mnt/c/www/Livkalni/vendor/laravel/framework/src/Illuminate/Database/Connection.php(325): Illuminate\Database\Connection->getPdoForSelect(true)
#10 /mnt/c/www/Livkalni/vendor/laravel/framework/src/Illuminate/Database/Connection.php(657): Illuminate\Database\Connection->Illuminate\Database\{closure}('select * from i...', Array)
#11 /mnt/c/www/Livkalni/vendor/laravel/framework/src/Illuminate/Database/Connection.php(624): Illuminate\Database\Connection->runQueryCallback('select * from i...', Array, Object(Closure))
#12 /mnt/c/www/Livkalni/vendor/laravel/framework/src/Illuminate/Database/Connection.php(333): Illuminate\Database\Connection->run('select * from i...', Array, Object(Closure))
#13 /mnt/c/www/Livkalni/vendor/laravel/framework/src/Illuminate/Database/Schema/MySqlBuilder.php(18): Illuminate\Database\Connection->select('select * from i...', Array)
#14 /mnt/c/www/Livkalni/vendor/laravel/framework/src/Illuminate/Support/Facades/Facade.php(221): Illuminate\Database\Schema\MySqlBuilder->hasTable('migrations')
#15 /mnt/c/www/Livkalni/modules/system/Classes/UpdateManager.php(135): Illuminate\Support\Facades\Facade::__callStatic('hasTable', Array)
#16 /mnt/c/www/Livkalni/modules/system/Console/OctoberUp.php(35): System\Classes\UpdateManager->update()
#17 [internal function]: System\Console\OctoberUp->handle()
#18 /mnt/c/www/Livkalni/vendor/laravel/framework/src/Illuminate/Container/BoundMethod.php(29): call_user_func_array(Array, Array)
#19 /mnt/c/www/Livkalni/vendor/laravel/framework/src/Illuminate/Container/BoundMethod.php(87): Illuminate\Container\BoundMethod::Illuminate\Container\{closure}()
#20 /mnt/c/www/Livkalni/vendor/laravel/framework/src/Illuminate/Container/BoundMethod.php(31): Illuminate\Container\BoundMethod::callBoundMethod(Object(October\Rain\Foundation\Application), Array, Object(Closure))
#21 /mnt/c/www/Livkalni/vendor/laravel/framework/src/Illuminate/Container/Container.php(549): Illuminate\Container\BoundMethod::call(Object(October\Rain\Foundation\Application), Array, Array, NULL)
#22 /mnt/c/www/Livkalni/vendor/laravel/framework/src/Illuminate/Console/Command.php(183): Illuminate\Container\Container->call(Array)
#23 /mnt/c/www/Livkalni/vendor/symfony/console/Command/Command.php(255): Illuminate\Console\Command->execute(Object(Symfony\Component\Console\Input\ArgvInput), Object(Illuminate\Console\OutputStyle))
#24 /mnt/c/www/Livkalni/vendor/laravel/framework/src/Illuminate/Console/Command.php(170): Symfony\Component\Console\Command\Command->run(Object(Symfony\Component\Console\Input\ArgvInput), Object(Illuminate\Console\OutputStyle))
#25 /mnt/c/www/Livkalni/vendor/symfony/console/Application.php(982): Illuminate\Console\Command->run(Object(Symfony\Component\Console\Input\ArgvInput), Object(Symfony\Component\Console\Output\ConsoleOutput))
#26 /mnt/c/www/Livkalni/vendor/symfony/console/Application.php(255): Symfony\Component\Console\Application->doRunCommand(Object(System\Console\OctoberUp), Object(Symfony\Component\Console\Input\ArgvInput), Object(Symfony\Component\Console\Output\ConsoleOutput))
#27 /mnt/c/www/Livkalni/vendor/symfony/console/Application.php(148): Symfony\Component\Console\Application->doRun(Object(Symfony\Component\Console\Input\ArgvInput), Object(Symfony\Component\Console\Output\ConsoleOutput))
#28 /mnt/c/www/Livkalni/vendor/laravel/framework/src/Illuminate/Console/Application.php(88): Symfony\Component\Console\Application->run(Object(Symfony\Component\Console\Input\ArgvInput), Object(Symfony\Component\Console\Output\ConsoleOutput))
#29 /mnt/c/www/Livkalni/vendor/laravel/framework/src/Illuminate/Foundation/Console/Kernel.php(121): Illuminate\Console\Application->run(Object(Symfony\Component\Console\Input\ArgvInput), Object(Symfony\Component\Console\Output\ConsoleOutput))
#30 /mnt/c/www/Livkalni/artisan(35): Illuminate\Foundation\Console\Kernel->handle(Object(Symfony\Component\Console\Input\ArgvInput), Object(Symfony\Component\Console\Output\ConsoleOutput))
#31 {main}

Next Doctrine\DBAL\Driver\PDOException: SQLSTATE[HY000] [1049] Unknown database 'livkalni' in /mnt/c/www/Livkalni/vendor/doctrine/dbal/lib/Doctrine/DBAL/Driver/PDOConnection.php:47
Stack trace:
#0 /mnt/c/www/Livkalni/vendor/laravel/framework/src/Illuminate/Database/Connectors/Connector.php(64): Doctrine\DBAL\Driver\PDOConnection->__construct('mysql:host=loca...', 'edijs', 'Putrasgalva*1', Array)
#1 /mnt/c/www/Livkalni/vendor/laravel/framework/src/Illuminate/Database/Connectors/Connector.php(43): Illuminate\Database\Connectors\Connector->createPdoConnection('mysql:host=loca...', 'edijs', 'Putrasgalva*1', Array)
#2 /mnt/c/www/Livkalni/vendor/laravel/framework/src/Illuminate/Database/Connectors/MySqlConnector.php(24): Illuminate\Database\Connectors\Connector->createConnection('mysql:host=loca...', Array, Array)
#3 /mnt/c/www/Livkalni/vendor/october/rain/src/Database/Connectors/ConnectionFactory.php(29): Illuminate\Database\Connectors\MySqlConnector->connect(Array)
#4 [internal function]: October\Rain\Database\Connectors\ConnectionFactory->October\Rain\Database\Connectors\{closure}()
#5 /mnt/c/www/Livkalni/vendor/laravel/framework/src/Illuminate/Database/Connection.php(915): call_user_func(Object(Closure))
#6 /mnt/c/www/Livkalni/vendor/laravel/framework/src/Illuminate/Database/Connection.php(940): Illuminate\Database\Connection->getPdo()
#7 /mnt/c/www/Livkalni/vendor/laravel/framework/src/Illuminate/Database/Connection.php(399): Illuminate\Database\Connection->getReadPdo()
#8 /mnt/c/www/Livkalni/vendor/laravel/framework/src/Illuminate/Database/Connection.php(325): Illuminate\Database\Connection->getPdoForSelect(true)
#9 /mnt/c/www/Livkalni/vendor/laravel/framework/src/Illuminate/Database/Connection.php(657): Illuminate\Database\Connection->Illuminate\Database\{closure}('select * from i...', Array)
#10 /mnt/c/www/Livkalni/vendor/laravel/framework/src/Illuminate/Database/Connection.php(624): Illuminate\Database\Connection->runQueryCallback('select * from i...', Array, Object(Closure))
#11 /mnt/c/www/Livkalni/vendor/laravel/framework/src/Illuminate/Database/Connection.php(333): Illuminate\Database\Connection->run('select * from i...', Array, Object(Closure))
#12 /mnt/c/www/Livkalni/vendor/laravel/framework/src/Illuminate/Database/Schema/MySqlBuilder.php(18): Illuminate\Database\Connection->select('select * from i...', Array)
#13 /mnt/c/www/Livkalni/vendor/laravel/framework/src/Illuminate/Support/Facades/Facade.php(221): Illuminate\Database\Schema\MySqlBuilder->hasTable('migrations')
#14 /mnt/c/www/Livkalni/modules/system/Classes/UpdateManager.php(135): Illuminate\Support\Facades\Facade::__callStatic('hasTable', Array)
#15 /mnt/c/www/Livkalni/modules/system/Console/OctoberUp.php(35): System\Classes\UpdateManager->update()
#16 [internal function]: System\Console\OctoberUp->handle()
#17 /mnt/c/www/Livkalni/vendor/laravel/framework/src/Illuminate/Container/BoundMethod.php(29): call_user_func_array(Array, Array)
#18 /mnt/c/www/Livkalni/vendor/laravel/framework/src/Illuminate/Container/BoundMethod.php(87): Illuminate\Container\BoundMethod::Illuminate\Container\{closure}()
#19 /mnt/c/www/Livkalni/vendor/laravel/framework/src/Illuminate/Container/BoundMethod.php(31): Illuminate\Container\BoundMethod::callBoundMethod(Object(October\Rain\Foundation\Application), Array, Object(Closure))
#20 /mnt/c/www/Livkalni/vendor/laravel/framework/src/Illuminate/Container/Container.php(549): Illuminate\Container\BoundMethod::call(Object(October\Rain\Foundation\Application), Array, Array, NULL)
#21 /mnt/c/www/Livkalni/vendor/laravel/framework/src/Illuminate/Console/Command.php(183): Illuminate\Container\Container->call(Array)
#22 /mnt/c/www/Livkalni/vendor/symfony/console/Command/Command.php(255): Illuminate\Console\Command->execute(Object(Symfony\Component\Console\Input\ArgvInput), Object(Illuminate\Console\OutputStyle))
#23 /mnt/c/www/Livkalni/vendor/laravel/framework/src/Illuminate/Console/Command.php(170): Symfony\Component\Console\Command\Command->run(Object(Symfony\Component\Console\Input\ArgvInput), Object(Illuminate\Console\OutputStyle))
#24 /mnt/c/www/Livkalni/vendor/symfony/console/Application.php(982): Illuminate\Console\Command->run(Object(Symfony\Component\Console\Input\ArgvInput), Object(Symfony\Component\Console\Output\ConsoleOutput))
#25 /mnt/c/www/Livkalni/vendor/symfony/console/Application.php(255): Symfony\Component\Console\Application->doRunCommand(Object(System\Console\OctoberUp), Object(Symfony\Component\Console\Input\ArgvInput), Object(Symfony\Component\Console\Output\ConsoleOutput))
#26 /mnt/c/www/Livkalni/vendor/symfony/console/Application.php(148): Symfony\Component\Console\Application->doRun(Object(Symfony\Component\Console\Input\ArgvInput), Object(Symfony\Component\Console\Output\ConsoleOutput))
#27 /mnt/c/www/Livkalni/vendor/laravel/framework/src/Illuminate/Console/Application.php(88): Symfony\Component\Console\Application->run(Object(Symfony\Component\Console\Input\ArgvInput), Object(Symfony\Component\Console\Output\ConsoleOutput))
#28 /mnt/c/www/Livkalni/vendor/laravel/framework/src/Illuminate/Foundation/Console/Kernel.php(121): Illuminate\Console\Application->run(Object(Symfony\Component\Console\Input\ArgvInput), Object(Symfony\Component\Console\Output\ConsoleOutput))
#29 /mnt/c/www/Livkalni/artisan(35): Illuminate\Foundation\Console\Kernel->handle(Object(Symfony\Component\Console\Input\ArgvInput), Object(Symfony\Component\Console\Output\ConsoleOutput))
#30 {main}

Next Illuminate\Database\QueryException: SQLSTATE[HY000] [1049] Unknown database 'livkalni' (SQL: select * from information_schema.tables where table_schema = livkalni and table_name = migrations) in /mnt/c/www/Livkalni/vendor/laravel/framework/src/Illuminate/Database/Connection.php:664
Stack trace:
#0 /mnt/c/www/Livkalni/vendor/laravel/framework/src/Illuminate/Database/Connection.php(624): Illuminate\Database\Connection->runQueryCallback('select * from i...', Array, Object(Closure))
#1 /mnt/c/www/Livkalni/vendor/laravel/framework/src/Illuminate/Database/Connection.php(333): Illuminate\Database\Connection->run('select * from i...', Array, Object(Closure))
#2 /mnt/c/www/Livkalni/vendor/laravel/framework/src/Illuminate/Database/Schema/MySqlBuilder.php(18): Illuminate\Database\Connection->select('select * from i...', Array)
#3 /mnt/c/www/Livkalni/vendor/laravel/framework/src/Illuminate/Support/Facades/Facade.php(221): Illuminate\Database\Schema\MySqlBuilder->hasTable('migrations')
#4 /mnt/c/www/Livkalni/modules/system/Classes/UpdateManager.php(135): Illuminate\Support\Facades\Facade::__callStatic('hasTable', Array)
#5 /mnt/c/www/Livkalni/modules/system/Console/OctoberUp.php(35): System\Classes\UpdateManager->update()
#6 [internal function]: System\Console\OctoberUp->handle()
#7 /mnt/c/www/Livkalni/vendor/laravel/framework/src/Illuminate/Container/BoundMethod.php(29): call_user_func_array(Array, Array)
#8 /mnt/c/www/Livkalni/vendor/laravel/framework/src/Illuminate/Container/BoundMethod.php(87): Illuminate\Container\BoundMethod::Illuminate\Container\{closure}()
#9 /mnt/c/www/Livkalni/vendor/laravel/framework/src/Illuminate/Container/BoundMethod.php(31): Illuminate\Container\BoundMethod::callBoundMethod(Object(October\Rain\Foundation\Application), Array, Object(Closure))
#10 /mnt/c/www/Livkalni/vendor/laravel/framework/src/Illuminate/Container/Container.php(549): Illuminate\Container\BoundMethod::call(Object(October\Rain\Foundation\Application), Array, Array, NULL)
#11 /mnt/c/www/Livkalni/vendor/laravel/framework/src/Illuminate/Console/Command.php(183): Illuminate\Container\Container->call(Array)
#12 /mnt/c/www/Livkalni/vendor/symfony/console/Command/Command.php(255): Illuminate\Console\Command->execute(Object(Symfony\Component\Console\Input\ArgvInput), Object(Illuminate\Console\OutputStyle))
#13 /mnt/c/www/Livkalni/vendor/laravel/framework/src/Illuminate/Console/Command.php(170): Symfony\Component\Console\Command\Command->run(Object(Symfony\Component\Console\Input\ArgvInput), Object(Illuminate\Console\OutputStyle))
#14 /mnt/c/www/Livkalni/vendor/symfony/console/Application.php(982): Illuminate\Console\Command->run(Object(Symfony\Component\Console\Input\ArgvInput), Object(Symfony\Component\Console\Output\ConsoleOutput))
#15 /mnt/c/www/Livkalni/vendor/symfony/console/Application.php(255): Symfony\Component\Console\Application->doRunCommand(Object(System\Console\OctoberUp), Object(Symfony\Component\Console\Input\ArgvInput), Object(Symfony\Component\Console\Output\ConsoleOutput))
#16 /mnt/c/www/Livkalni/vendor/symfony/console/Application.php(148): Symfony\Component\Console\Application->doRun(Object(Symfony\Component\Console\Input\ArgvInput), Object(Symfony\Component\Console\Output\ConsoleOutput))
#17 /mnt/c/www/Livkalni/vendor/laravel/framework/src/Illuminate/Console/Application.php(88): Symfony\Component\Console\Application->run(Object(Symfony\Component\Console\Input\ArgvInput), Object(Symfony\Component\Console\Output\ConsoleOutput))
#18 /mnt/c/www/Livkalni/vendor/laravel/framework/src/Illuminate/Foundation/Console/Kernel.php(121): Illuminate\Console\Application->run(Object(Symfony\Component\Console\Input\ArgvInput), Object(Symfony\Component\Console\Output\ConsoleOutput))
#19 /mnt/c/www/Livkalni/artisan(35): Illuminate\Foundation\Console\Kernel->handle(Object(Symfony\Component\Console\Input\ArgvInput), Object(Symfony\Component\Console\Output\ConsoleOutput))
#20 {main}  
